build/outputs/logs/manifest-merger-release-report.txt
-- Merging decision tree log ---
manifest
ADDED from TrenutnoVrijeme\AndroidManifest.xml:2:1-160:12
INJECTED from TrenutnoVrijeme\AndroidManifest.xml:2:1-160:12
INJECTED from TrenutnoVrijeme\AndroidManifest.xml:2:1-160:12
INJECTED from TrenutnoVrijeme\AndroidManifest.xml:2:1-160:12
INJECTED from TrenutnoVrijeme\AndroidManifest.xml:2:1-160:12
	package
		ADDED from TrenutnoVrijeme\AndroidManifest.xml:3:5-39
	android:versionName
		ADDED from TrenutnoVrijeme\AndroidManifest.xml:5:5-33
		INJECTED from TrenutnoVrijeme\AndroidManifest.xml
		INJECTED from TrenutnoVrijeme\AndroidManifest.xml
	xmlns:android
		ADDED from TrenutnoVrijeme\AndroidManifest.xml:2:11-69
	android:versionCode
		ADDED from TrenutnoVrijeme\AndroidManifest.xml:4:5-29
		INJECTED from TrenutnoVrijeme\AndroidManifest.xml
		INJECTED from TrenutnoVrijeme\AndroidManifest.xml
uses-permission#android.permission.ACCESS_NETWORK_STATE
ADDED from TrenutnoVrijeme\AndroidManifest.xml:7:5-79
	android:name
		ADDED from TrenutnoVrijeme\AndroidManifest.xml:7:22-76
uses-permission#android.permission.INTERNET
ADDED from TrenutnoVrijeme\AndroidManifest.xml:8:5-67
	android:name
		ADDED from TrenutnoVrijeme\AndroidManifest.xml:8:22-64
uses-permission#android.permission.WRITE_EXTERNAL_STORAGE
ADDED from TrenutnoVrijeme\AndroidManifest.xml:9:5-81
	android:name
		ADDED from TrenutnoVrijeme\AndroidManifest.xml:9:22-78
uses-permission#android.permission.RECEIVE_BOOT_COMPLETED
ADDED from TrenutnoVrijeme\AndroidManifest.xml:10:5-81
	android:name
		ADDED from TrenutnoVrijeme\AndroidManifest.xml:10:22-78
supports-screens
ADDED from TrenutnoVrijeme\AndroidManifest.xml:12:5-18:40
	android:largeScreens
		ADDED from TrenutnoVrijeme\AndroidManifest.xml:14:9-36
	android:smallScreens
		ADDED from TrenutnoVrijeme\AndroidManifest.xml:17:9-36
	android:normalScreens
		ADDED from TrenutnoVrijeme\AndroidManifest.xml:15:9-37
	android:xlargeScreens
		ADDED from TrenutnoVrijeme\AndroidManifest.xml:18:9-37
	android:resizeable
		ADDED from TrenutnoVrijeme\AndroidManifest.xml:16:9-34
	android:anyDensity
		ADDED from TrenutnoVrijeme\AndroidManifest.xml:13:9-34
application
ADDED from TrenutnoVrijeme\AndroidManifest.xml:20:5-158:19
	android:label
		ADDED from TrenutnoVrijeme\AndroidManifest.xml:24:9-41
	android:icon
		ADDED from TrenutnoVrijeme\AndroidManifest.xml:22:9-45
	android:allowBackup
		ADDED from TrenutnoVrijeme\AndroidManifest.xml:21:9-35
	android:usesCleartextTraffic
		ADDED from TrenutnoVrijeme\AndroidManifest.xml:23:9-44
activity#hr.cloudwalk.currweather.FavoritesActivity
ADDED from TrenutnoVrijeme\AndroidManifest.xml:25:9-35:20
	android:label
		ADDED from TrenutnoVrijeme\AndroidManifest.xml:27:13-45
	uiOptions
		ADDED from TrenutnoVrijeme\AndroidManifest.xml:28:78-114
	android:theme
		ADDED from TrenutnoVrijeme\AndroidManifest.xml:28:13-77
	android:name
		ADDED from TrenutnoVrijeme\AndroidManifest.xml:26:13-46
meta-data#android.support.UI_OPTIONS
ADDED from TrenutnoVrijeme\AndroidManifest.xml:29:13-109
	android:value
		ADDED from TrenutnoVrijeme\AndroidManifest.xml:29:66-106
	android:name
		ADDED from TrenutnoVrijeme\AndroidManifest.xml:29:24-65
intent-filter#action:name:android.intent.action.MAIN+category:name:android.intent.category.LAUNCHER
ADDED from TrenutnoVrijeme\AndroidManifest.xml:30:13-34:29
action#android.intent.action.MAIN
ADDED from TrenutnoVrijeme\AndroidManifest.xml:31:17-69
	android:name
		ADDED from TrenutnoVrijeme\AndroidManifest.xml:31:25-66
category#android.intent.category.LAUNCHER
ADDED from TrenutnoVrijeme\AndroidManifest.xml:33:17-77
	android:name
		ADDED from TrenutnoVrijeme\AndroidManifest.xml:33:27-74
activity#hr.cloudwalk.currweather.TVWidgetConfigActivity
ADDED from TrenutnoVrijeme\AndroidManifest.xml:36:9-43:20
	android:label
		ADDED from TrenutnoVrijeme\AndroidManifest.xml:38:13-45
	android:theme
		ADDED from TrenutnoVrijeme\AndroidManifest.xml:39:13-77
	android:name
		ADDED from TrenutnoVrijeme\AndroidManifest.xml:37:13-51
intent-filter#action:name:android.appwidget.action.APPWIDGET_CONFIGURE
ADDED from TrenutnoVrijeme\AndroidManifest.xml:40:13-42:29
action#android.appwidget.action.APPWIDGET_CONFIGURE
ADDED from TrenutnoVrijeme\AndroidManifest.xml:41:17-87
	android:name
		ADDED from TrenutnoVrijeme\AndroidManifest.xml:41:25-84
activity#hr.cloudwalk.currweather.TrenutnoVrijemeActivity
ADDED from TrenutnoVrijeme\AndroidManifest.xml:44:9-54:20
	android:label
		ADDED from TrenutnoVrijeme\AndroidManifest.xml:47:13-45
	android:configChanges
		ADDED from TrenutnoVrijeme\AndroidManifest.xml:46:13-83
	android:theme
		ADDED from TrenutnoVrijeme\AndroidManifest.xml:48:13-77
	android:name
		ADDED from TrenutnoVrijeme\AndroidManifest.xml:45:13-52
intent-filter#action:name:android.intent.action.MAIN+category:name:android.intent.category.DEFAULT
ADDED from TrenutnoVrijeme\AndroidManifest.xml:49:13-53:29
category#android.intent.category.DEFAULT
ADDED from TrenutnoVrijeme\AndroidManifest.xml:52:17-76
	android:name
		ADDED from TrenutnoVrijeme\AndroidManifest.xml:52:27-73
activity#hr.cloudwalk.currweather.Preferences
ADDED from TrenutnoVrijeme\AndroidManifest.xml:55:9-64:20
	android:label
		ADDED from TrenutnoVrijeme\AndroidManifest.xml:57:13-37
	android:theme
		ADDED from TrenutnoVrijeme\AndroidManifest.xml:58:13-51
	android:name
		ADDED from TrenutnoVrijeme\AndroidManifest.xml:56:13-40
activity#hr.cloudwalk.currweather.PhotoFullScreen
ADDED from TrenutnoVrijeme\AndroidManifest.xml:65:9-76:20
	android:label
		ADDED from TrenutnoVrijeme\AndroidManifest.xml:67:13-44
	android:noHistory
		ADDED from TrenutnoVrijeme\AndroidManifest.xml:68:13-37
	android:theme
		ADDED from TrenutnoVrijeme\AndroidManifest.xml:69:13-77
	android:name
		ADDED from TrenutnoVrijeme\AndroidManifest.xml:66:13-44
intent-filter#action:name:android.intent.action.MAIN+action:name:android.intent.action.VIEW+category:name:android.intent.category.DEFAULT
ADDED from TrenutnoVrijeme\AndroidManifest.xml:70:13-75:29
action#android.intent.action.VIEW
ADDED from TrenutnoVrijeme\AndroidManifest.xml:72:17-69
	android:name
		ADDED from TrenutnoVrijeme\AndroidManifest.xml:72:25-66
receiver#hr.cloudwalk.currweather.TVWidgetProvider
ADDED from TrenutnoVrijeme\AndroidManifest.xml:78:9-88:20
	android:label
		ADDED from TrenutnoVrijeme\AndroidManifest.xml:80:13-43
	android:name
		ADDED from TrenutnoVrijeme\AndroidManifest.xml:79:13-45
intent-filter#action:name:android.appwidget.action.APPWIDGET_UPDATE
ADDED from TrenutnoVrijeme\AndroidManifest.xml:81:13-83:29
action#android.appwidget.action.APPWIDGET_UPDATE
ADDED from TrenutnoVrijeme\AndroidManifest.xml:82:17-84
	android:name
		ADDED from TrenutnoVrijeme\AndroidManifest.xml:82:25-81
meta-data#android.appwidget.provider
ADDED from TrenutnoVrijeme\AndroidManifest.xml:85:13-87:65
	android:resource
		ADDED from TrenutnoVrijeme\AndroidManifest.xml:87:17-62
	android:name
		ADDED from TrenutnoVrijeme\AndroidManifest.xml:86:17-58
receiver#hr.cloudwalk.currweather.TVWidgetProvider2x3
ADDED from TrenutnoVrijeme\AndroidManifest.xml:89:9-99:20
	android:label
		ADDED from TrenutnoVrijeme\AndroidManifest.xml:91:13-43
	android:name
		ADDED from TrenutnoVrijeme\AndroidManifest.xml:90:13-48
receiver#hr.cloudwalk.currweather.TVWidgetProvider3x2
ADDED from TrenutnoVrijeme\AndroidManifest.xml:100:9-110:20
	android:label
		ADDED from TrenutnoVrijeme\AndroidManifest.xml:102:13-43
	android:name
		ADDED from TrenutnoVrijeme\AndroidManifest.xml:101:13-48
receiver#hr.cloudwalk.currweather.TVWidgetProvider3x3
ADDED from TrenutnoVrijeme\AndroidManifest.xml:111:9-121:20
	android:label
		ADDED from TrenutnoVrijeme\AndroidManifest.xml:113:13-43
	android:name
		ADDED from TrenutnoVrijeme\AndroidManifest.xml:112:13-48
receiver#hr.cloudwalk.currweather.TVWidgetProvider3x4
ADDED from TrenutnoVrijeme\AndroidManifest.xml:122:9-132:20
	android:label
		ADDED from TrenutnoVrijeme\AndroidManifest.xml:124:13-43
	android:name
		ADDED from TrenutnoVrijeme\AndroidManifest.xml:123:13-48
receiver#hr.cloudwalk.currweather.TVWidgetProvider4x3
ADDED from TrenutnoVrijeme\AndroidManifest.xml:133:9-143:20
	android:label
		ADDED from TrenutnoVrijeme\AndroidManifest.xml:135:13-43
	android:name
		ADDED from TrenutnoVrijeme\AndroidManifest.xml:134:13-48
receiver#hr.cloudwalk.currweather.TVWidgetProvider4x4
ADDED from TrenutnoVrijeme\AndroidManifest.xml:144:9-154:20
	android:label
		ADDED from TrenutnoVrijeme\AndroidManifest.xml:146:13-43
	android:name
		ADDED from TrenutnoVrijeme\AndroidManifest.xml:145:13-48
service#hr.cloudwalk.currweather.UpdateWidgetService
ADDED from TrenutnoVrijeme\AndroidManifest.xml:156:9-157:19
	android:name
		ADDED from TrenutnoVrijeme\AndroidManifest.xml:156:18-53
uses-sdk
INJECTED from TrenutnoVrijeme\AndroidManifest.xml reason: use-sdk injection requested
INJECTED from TrenutnoVrijeme\AndroidManifest.xml
INJECTED from TrenutnoVrijeme\AndroidManifest.xml
INJECTED from TrenutnoVrijeme\AndroidManifest.xml
INJECTED from TrenutnoVrijeme\AndroidManifest.xml
	android:targetSdkVersion
		INJECTED from TrenutnoVrijeme\AndroidManifest.xml
		ADDED from TrenutnoVrijeme\AndroidManifest.xml
		INJECTED from TrenutnoVrijeme\AndroidManifest.xml
	android:minSdkVersion
		INJECTED from TrenutnoVrijeme\AndroidManifest.xml
		ADDED from TrenutnoVrijeme\AndroidManifest.xml
		INJECTED from TrenutnoVrijeme\AndroidManifest.xml